<html>
<body>
<pre>
<h1>Vision Build Log</h1>
<h2>Tool Versions:</h2>
IDE-Version: μVision V5.39.0.0
Copyright (C) 2023 ARM Ltd and ARM Germany GmbH. All rights reserved.
License Information: 1 JayRoyin, 1, LIC=585FJ-UDV41-30YNC-73TRR-4MU3X-FF9UA
 
Tool Versions:
Toolchain:       MDK-ARM Plus  Version: 5.39.0.0
Toolchain Path:  D:\Keil\ARM\ARMCC\Bin
C Compiler:      Armcc.exe V5.06 update 7 (build 960)
Assembler:       Armasm.exe V5.06 update 7 (build 960)
Linker/Locator:  ArmLink.exe V5.06 update 7 (build 960)
Library Manager: ArmAr.exe V5.06 update 7 (build 960)
Hex Converter:   FromElf.exe V5.06 update 7 (build 960)
CPU DLL:         SARMCM3.DLL V5.39.0.0
Dialog DLL:      DCM.DLL V1.17.5.0
Target DLL:      CMSIS_AGDI.dll V1.33.16.0
Dialog DLL:      TCM.DLL V1.56.4.0
 
<h2>Project:</h2>
C:\Users\JayRoyin\Desktop\robot_pc9685 - 副本\MDK-ARM\robot_pc9685.uvprojx
Project File Date:  06/19/2024

<h2>Output:</h2>
*** Using Compiler 'V5.06 update 7 (build 960)', folder: 'D:\Keil\ARM\ARMCC\Bin'
Rebuild target 'robot_pc9685'
assembling startup_stm32f407xx.s...
compiling stm32f4xx_ll_adc.c...
compiling stm32f4xx_hal_rcc.c...
compiling usart.c...
compiling stm32f4xx_hal_adc_ex.c...
compiling stm32f4xx_hal_flash_ex.c...
compiling main.c...
../Core/Src/main.c(152): warning:  #223-D: function "setServoAngle" declared implicitly
  		setServoAngle(0,90.0);
../Core/Src/main.c(224): warning:  #111-D: statement is unreachable
  		key = KEY_SCAN();
../Core/Src/main.c(241): warning:  #223-D: function "robot_control" declared implicitly
  					if(robot_control(y,z,alpha))
../Core/Src/main.c(347): error:  #159: declaration is incompatible with previous "robot_control"  (declared at line 241)
  uint8_t robot_control(float x,float y,float Alpha)
../Core/Src/main.c(390): warning:  #223-D: function "joint_angle_mode0" declared implicitly
  		joint_angle_mode0(ang[0],-ang[1],-ang[2],speed);
../Core/Src/main.c(393): error:  #159: declaration is incompatible with previous "joint_angle_mode0"  (declared at line 390)
  void joint_angle_mode0(int ang1,int ang2,int ang3,uint8_t speed)
../Core/Src/main.c(438): warning:  #186-D: pointless comparison of unsigned integer with zero
  	if(joint<=6&&joint>=0)
../Core/Src/main.c: 5 warnings, 2 errors
compiling stm32f4xx_hal_rcc_ex.c...
compiling stm32f4xx_hal_msp.c...
compiling stm32f4xx_it.c...
compiling gpio.c...
compiling adc.c...
compiling stm32f4xx_hal_flash_ramfunc.c...
compiling stm32f4xx_hal_adc.c...
compiling stm32f4xx_hal_gpio.c...
compiling tim.c...
compiling stm32f4xx_hal_flash.c...
compiling stm32f4xx_hal_exti.c...
compiling stm32f4xx_hal_pwr_ex.c...
compiling stm32f4xx_hal.c...
compiling system_stm32f4xx.c...
compiling stm32f4xx_hal_pwr.c...
compiling stm32f4xx_hal_cortex.c...
compiling stm32f4xx_hal_dma_ex.c...
compiling myiic.c...
compiling stm32f4xx_hal_dma.c...
compiling delay.c...
compiling ps2.c...
compiling pca9685.c...
..\USER\pca9685\pca9685.c(65): warning:  #1035-D: single-precision operand implicitly converted to double-precision
  		float pulseWidth = (angle / 180.0) * (2.0 - 1.0) + 1.0; // 1ms到2ms之间
..\USER\pca9685\pca9685.c: 1 warning, 0 errors
compiling stm32f4xx_hal_tim_ex.c...
compiling stm32f4xx_hal_uart.c...
compiling key.c...
compiling oled.c...
compiling stm32f4xx_hal_tim.c...
"robot_pc9685\robot_pc9685.axf" - 2 Error(s), 6 Warning(s).

<h2>Software Packages used:</h2>

Package Vendor: ARM
                http://www.keil.com/pack/ARM.CMSIS.5.9.0.pack
                ARM::CMSIS@5.9.0
                CMSIS (Common Microcontroller Software Interface Standard)
   * Component: CORE Version: 5.6.0

Package Vendor: Keil
                http://www.keil.com/pack/Keil.STM32F4xx_DFP.2.15.0.pack
                Keil::STM32F4xx_DFP@2.15.0
                STMicroelectronics STM32F4 Series Device Support, Drivers and Examples

<h2>Collection of Component include folders:</h2>
  ./RTE/_robot_pc9685
  D:/Keil/pack/ARM/CMSIS/5.9.0/CMSIS/Core/Include
  D:/Keil/pack/Keil/STM32F4xx_DFP/2.15.0/Drivers/CMSIS/Device/ST/STM32F4xx/Include

<h2>Collection of Component Files used:</h2>

   * Component: ARM::CMSIS:CORE@5.6.0
      Include file:  CMSIS/Core/Include/tz_context.h
Target not created.
Build Time Elapsed:  00:00:27
</pre>
</body>
</html>
